<?xml version="1.0" encoding="UTF-8"?>
<testng-results ignored="0" total="0" passed="0" failed="0" skipped="0">
  <reporter-output>
  </reporter-output>
  <suite started-at="2024-07-09T12:39:23 BRT" name="Surefire suite" finished-at="2024-07-09T12:39:25 BRT" duration-ms="2377">
    <groups>
    </groups>
    <test started-at="2024-07-09T12:39:23 BRT" name="Surefire test" finished-at="2024-07-09T12:39:25 BRT" duration-ms="2377">
      <class name="SeleniumTest">
        <test-method is-config="true" signature="Setup()[pri:0, instance:SeleniumTest@1649b0e6]" started-at="2024-07-09T12:39:23 BRT" name="Setup" finished-at="2024-07-09T12:39:25 BRT" duration-ms="2359" status="PASS">
          <reporter-output>
          </reporter-output>
        </test-method> <!-- Setup -->
      </class> <!-- SeleniumTest -->
    </test> <!-- Surefire test -->
  </suite> <!-- Surefire suite -->
</testng-results>
